<?xml version="1.0" encoding="UTF-8"?>
<!-- Generated by org.testng.reporters.JUnitXMLReporter -->
<testsuite ignored="0" hostname="LAPTOP-QMTPJSRQ" failures="0" tests="4" name="test1" time="29.999" errors="0" timestamp="2026-06-03T22:11:47 GMT-04:00">
  <testcase classname="testscripts.LoginTest" name="verifyuserloginwithvalidcredential" time="5.39"/>
  <testcase classname="testscripts.LoginTest" name="verifyuserloginwithinvalidcredential" time="1.66"/>
  <testcase classname="testscripts.LoginTest" name="verifyuserloginwithinvalidusername" time="1.259"/>
  <testcase classname="testscripts.LoginTest" name="verifyuserloginwithinvalidpassword" time="1.352"/>
</testsuite> <!-- test1 -->
