<?xml version="1.0" encoding="UTF-8"?>
<!-- Generated by org.testng.reporters.JUnitReportReporter -->
<testsuite hostname="LAPTOP-QMTPJSRQ" failures="0" tests="2" name="testscripts.LoginTest" time="12.665" errors="0" timestamp="2026-06-21T20:30:29 GMT-04:00" skipped="0">
  <testcase classname="testscripts.LoginTest" name="verifyuserloginwithinvalidpassword" time="5.712"/>
  <testcase classname="testscripts.LoginTest" name="verifyuserloginwithinvalidpassword" time="6.953"/>
</testsuite> <!-- testscripts.LoginTest -->
