<?xml version="1.0" encoding="UTF-8"?>
<!-- Generated by org.testng.reporters.JUnitXMLReporter -->
<testsuite ignored="2" hostname="LAPTOP-QMTPJSRQ" failures="0" tests="2" name="Test" time="17.145" errors="0" timestamp="2026-06-01T22:13:22 GMT-04:00">
  <testcase classname="testscripts.LoginTest" name="verifyuserloginwithvalidcredential" time="5.255"/>
  <testcase classname="testscripts.LoginTest" name="verifyuserloginwithinvalidpassword" time="1.326"/>
  <testcase classname="testscripts.LoginTest" name="verifyuserloginwithinvalidcredential" time="0.0">
    <ignored/>
  </testcase> <!-- verifyuserloginwithinvalidcredential -->
  <testcase classname="testscripts.LoginTest" name="verifyuserloginwithinvalidusername" time="0.0">
    <ignored/>
  </testcase> <!-- verifyuserloginwithinvalidusername -->
</testsuite> <!-- Test -->
