<?xml version="1.0" encoding="UTF-8"?>
<!-- Generated by org.testng.reporters.JUnitReportReporter -->
<testsuite hostname="LAPTOP-QMTPJSRQ" failures="0" tests="2" name="testscripts.LoginTest" time="13.659" errors="0" timestamp="2026-06-07T23:27:47 GMT-04:00" skipped="0">
  <testcase classname="testscripts.LoginTest" name="verifyuserloginwithinvalidpassword" time="8.344"/>
  <testcase classname="testscripts.LoginTest" name="verifyuserloginwithinvalidpassword" time="5.315"/>
</testsuite> <!-- testscripts.LoginTest -->
