<?xml version="1.0" encoding="UTF-8"?>
<!-- Generated by org.testng.reporters.JUnitXMLReporter -->
<testsuite ignored="3" hostname="LAPTOP-QMTPJSRQ" failures="0" tests="2" name="Test" time="13.824" errors="0" timestamp="2026-06-07T23:27:46 GMT-04:00">
  <testcase classname="testscripts.LoginTest" name="verifyuserloginwithinvalidpassword" time="1.166"/>
  <testcase classname="testscripts.LoginTest" name="verifyuserloginwithinvalidpassword" time="0.906"/>
  <testcase classname="testscripts.LoginTest" name="verifyuserloginwithvalidcredential" time="0.0">
    <ignored/>
  </testcase> <!-- verifyuserloginwithvalidcredential -->
  <testcase classname="testscripts.LoginTest" name="verifyuserloginwithinvalidcredential" time="0.0">
    <ignored/>
  </testcase> <!-- verifyuserloginwithinvalidcredential -->
  <testcase classname="testscripts.LoginTest" name="verifyuserloginwithinvalidusername" time="0.0">
    <ignored/>
  </testcase> <!-- verifyuserloginwithinvalidusername -->
</testsuite> <!-- Test -->
