<?xml version="1.0" encoding="UTF-8"?>
<testng-results ignored="0" total="2" passed="2" failed="0" skipped="0">
  <reporter-output>
  </reporter-output>
  <suite started-at="2026-06-07T23:27:31 GMT-04:00" name="Suite" finished-at="2026-06-07T23:27:45 GMT-04:00" duration-ms="13824">
    <groups>
      <group name="Smoke">
        <method signature="LoginTest.verifyuserloginwithinvalidpassword(java.lang.String,java.lang.String)[pri:4, instance:testscripts.LoginTest@46d59067]" name="verifyuserloginwithinvalidpassword" class="testscripts.LoginTest"/>
      </group> <!-- Smoke -->
    </groups>
    <test started-at="2026-06-07T23:27:31 GMT-04:00" name="Test" finished-at="2026-06-07T23:27:45 GMT-04:00" duration-ms="13824">
      <class name="testscripts.LoginTest">
        <test-method is-config="true" signature="initialisebrowser(java.lang.String)[pri:0, instance:testscripts.LoginTest@46d59067]" started-at="2026-06-07T23:27:31 GMT-04:00" name="initialisebrowser" finished-at="2026-06-07T23:27:39 GMT-04:00" duration-ms="7436" status="PASS">
          <params>
            <param index="0">
              <value>
                <![CDATA[chrome]]>
              </value>
            </param>
          </params>
          <reporter-output>
          </reporter-output>
        </test-method> <!-- initialisebrowser -->
        <test-method signature="verifyuserloginwithinvalidpassword(java.lang.String,java.lang.String)[pri:4, instance:testscripts.LoginTest@46d59067]" started-at="2026-06-07T23:27:39 GMT-04:00" name="verifyuserloginwithinvalidpassword" description="User is trying to login with invalid password" data-provider="loginData" finished-at="2026-06-07T23:27:40 GMT-04:00" duration-ms="1166" status="PASS">
          <params>
            <param index="0">
              <value>
                <![CDATA[admin]]>
              </value>
            </param>
            <param index="1">
              <value>
                <![CDATA[admin22]]>
              </value>
            </param>
          </params>
          <reporter-output>
          </reporter-output>
        </test-method> <!-- verifyuserloginwithinvalidpassword -->
        <test-method is-config="true" signature="closebrowser(org.testng.ITestResult)[pri:0, instance:testscripts.LoginTest@46d59067]" started-at="2026-06-07T23:27:40 GMT-04:00" name="closebrowser" finished-at="2026-06-07T23:27:40 GMT-04:00" duration-ms="2" status="PASS">
          <params>
            <param index="0">
              <value>
                <![CDATA[[TestResult name=verifyuserloginwithinvalidpassword status=SUCCESS method=LoginTest.verifyuserloginwithinvalidpassword(java.lang.String,java.lang.String)[pri:4, instance:testscripts.LoginTest@46d59067] output={null}]]]>
              </value>
            </param>
          </params>
          <reporter-output>
          </reporter-output>
        </test-method> <!-- closebrowser -->
        <test-method is-config="true" signature="initialisebrowser(java.lang.String)[pri:0, instance:testscripts.LoginTest@46d59067]" started-at="2026-06-07T23:27:40 GMT-04:00" name="initialisebrowser" finished-at="2026-06-07T23:27:44 GMT-04:00" duration-ms="4147" status="PASS">
          <params>
            <param index="0">
              <value>
                <![CDATA[chrome]]>
              </value>
            </param>
          </params>
          <reporter-output>
          </reporter-output>
        </test-method> <!-- initialisebrowser -->
        <test-method signature="verifyuserloginwithinvalidpassword(java.lang.String,java.lang.String)[pri:4, instance:testscripts.LoginTest@46d59067]" started-at="2026-06-07T23:27:44 GMT-04:00" name="verifyuserloginwithinvalidpassword" description="User is trying to login with invalid password" data-provider="loginData" finished-at="2026-06-07T23:27:45 GMT-04:00" duration-ms="906" status="PASS">
          <params>
            <param index="0">
              <value>
                <![CDATA[admin123]]>
              </value>
            </param>
            <param index="1">
              <value>
                <![CDATA[admin123]]>
              </value>
            </param>
          </params>
          <reporter-output>
          </reporter-output>
        </test-method> <!-- verifyuserloginwithinvalidpassword -->
        <test-method is-config="true" signature="closebrowser(org.testng.ITestResult)[pri:0, instance:testscripts.LoginTest@46d59067]" started-at="2026-06-07T23:27:45 GMT-04:00" name="closebrowser" finished-at="2026-06-07T23:27:45 GMT-04:00" duration-ms="2" status="PASS">
          <params>
            <param index="0">
              <value>
                <![CDATA[[TestResult name=verifyuserloginwithinvalidpassword status=SUCCESS method=LoginTest.verifyuserloginwithinvalidpassword(java.lang.String,java.lang.String)[pri:4, instance:testscripts.LoginTest@46d59067] output={null}]]]>
              </value>
            </param>
          </params>
          <reporter-output>
          </reporter-output>
        </test-method> <!-- closebrowser -->
      </class> <!-- testscripts.LoginTest -->
    </test> <!-- Test -->
  </suite> <!-- Suite -->
</testng-results>
