<?xml version="1.0" encoding="UTF-8"?>
<!-- Generated by org.testng.reporters.JUnitXMLReporter -->
<testsuite ignored="1" hostname="LAPTOP-QMTPJSRQ" failures="0" tests="1" name="Default test" time="13.827" errors="0" timestamp="2026-05-31T21:40:11 GMT-04:00">
  <testcase classname="testscripts.ManageNewsTest" name="verifyuserisabletosearchnews" time="7.792"/>
  <testcase classname="testscripts.ManageNewsTest" name="verifyuserisabletoaddnews" time="0.0">
    <ignored/>
  </testcase> <!-- verifyuserisabletoaddnews -->
</testsuite> <!-- Default test -->
