<?xml version="1.0" encoding="UTF-8"?>
<!-- Generated by org.testng.reporters.JUnitXMLReporter -->
<testsuite ignored="3" hostname="LAPTOP-QMTPJSRQ" failures="0" tests="1" name="ChromeTest" time="12.704" errors="0" timestamp="2026-06-03T21:49:57 GMT-04:00">
  <testcase classname="testscripts.LoginTest" name="verifyuserloginwithvalidcredential" time="5.521"/>
  <testcase classname="testscripts.LoginTest" name="verifyuserloginwithinvalidusername" time="0.0">
    <ignored/>
  </testcase> <!-- verifyuserloginwithinvalidusername -->
  <testcase classname="testscripts.LoginTest" name="verifyuserloginwithinvalidpassword" time="0.0">
    <ignored/>
  </testcase> <!-- verifyuserloginwithinvalidpassword -->
  <testcase classname="testscripts.LoginTest" name="verifyuserloginwithinvalidcredential" time="0.0">
    <ignored/>
  </testcase> <!-- verifyuserloginwithinvalidcredential -->
</testsuite> <!-- ChromeTest -->
