<?xml version="1.0" encoding="UTF-8"?>
<testng-results ignored="0" total="2" passed="2" failed="0" skipped="0">
  <reporter-output>
  </reporter-output>
  <suite started-at="2026-06-21T20:30:15 GMT-04:00" name="Suite" finished-at="2026-06-21T20:30:28 GMT-04:00" duration-ms="12779">
    <groups>
      <group name="Smoke">
        <method signature="LoginTest.verifyuserloginwithinvalidpassword(java.lang.String,java.lang.String)[pri:4, instance:testscripts.LoginTest@4a003cbe]" name="verifyuserloginwithinvalidpassword" class="testscripts.LoginTest"/>
      </group> <!-- Smoke -->
    </groups>
    <test started-at="2026-06-21T20:30:15 GMT-04:00" name="Test" finished-at="2026-06-21T20:30:28 GMT-04:00" duration-ms="12779">
      <class name="testscripts.LoginTest">
        <test-method is-config="true" signature="initialisebrowser(java.lang.String)[pri:0, instance:testscripts.LoginTest@4a003cbe]" started-at="2026-06-21T20:30:15 GMT-04:00" name="initialisebrowser" finished-at="2026-06-21T20:30:21 GMT-04:00" duration-ms="5571" status="PASS">
          <params>
            <param index="0">
              <value>
                <![CDATA[chrome]]>
              </value>
            </param>
          </params>
          <reporter-output>
          </reporter-output>
        </test-method> <!-- initialisebrowser -->
        <test-method signature="verifyuserloginwithinvalidpassword(java.lang.String,java.lang.String)[pri:4, instance:testscripts.LoginTest@4a003cbe]" started-at="2026-06-21T20:30:21 GMT-04:00" name="verifyuserloginwithinvalidpassword" description="User is trying to login with invalid password" data-provider="loginData" finished-at="2026-06-21T20:30:22 GMT-04:00" duration-ms="1463" status="PASS">
          <params>
            <param index="0">
              <value>
                <![CDATA[admin]]>
              </value>
            </param>
            <param index="1">
              <value>
                <![CDATA[admin22]]>
              </value>
            </param>
          </params>
          <reporter-output>
          </reporter-output>
        </test-method> <!-- verifyuserloginwithinvalidpassword -->
        <test-method is-config="true" signature="closebrowser(org.testng.ITestResult)[pri:0, instance:testscripts.LoginTest@4a003cbe]" started-at="2026-06-21T20:30:22 GMT-04:00" name="closebrowser" finished-at="2026-06-21T20:30:22 GMT-04:00" duration-ms="6" status="PASS">
          <params>
            <param index="0">
              <value>
                <![CDATA[[TestResult name=verifyuserloginwithinvalidpassword status=SUCCESS method=LoginTest.verifyuserloginwithinvalidpassword(java.lang.String,java.lang.String)[pri:4, instance:testscripts.LoginTest@4a003cbe] output={null}]]]>
              </value>
            </param>
          </params>
          <reporter-output>
          </reporter-output>
        </test-method> <!-- closebrowser -->
        <test-method is-config="true" signature="initialisebrowser(java.lang.String)[pri:0, instance:testscripts.LoginTest@4a003cbe]" started-at="2026-06-21T20:30:22 GMT-04:00" name="initialisebrowser" finished-at="2026-06-21T20:30:26 GMT-04:00" duration-ms="4243" status="PASS">
          <params>
            <param index="0">
              <value>
                <![CDATA[chrome]]>
              </value>
            </param>
          </params>
          <reporter-output>
          </reporter-output>
        </test-method> <!-- initialisebrowser -->
        <test-method signature="verifyuserloginwithinvalidpassword(java.lang.String,java.lang.String)[pri:4, instance:testscripts.LoginTest@4a003cbe]" started-at="2026-06-21T20:30:26 GMT-04:00" name="verifyuserloginwithinvalidpassword" description="User is trying to login with invalid password" data-provider="loginData" finished-at="2026-06-21T20:30:28 GMT-04:00" duration-ms="1378" status="PASS">
          <params>
            <param index="0">
              <value>
                <![CDATA[admin123]]>
              </value>
            </param>
            <param index="1">
              <value>
                <![CDATA[admin123]]>
              </value>
            </param>
          </params>
          <reporter-output>
          </reporter-output>
        </test-method> <!-- verifyuserloginwithinvalidpassword -->
        <test-method is-config="true" signature="closebrowser(org.testng.ITestResult)[pri:0, instance:testscripts.LoginTest@4a003cbe]" started-at="2026-06-21T20:30:28 GMT-04:00" name="closebrowser" finished-at="2026-06-21T20:30:28 GMT-04:00" duration-ms="4" status="PASS">
          <params>
            <param index="0">
              <value>
                <![CDATA[[TestResult name=verifyuserloginwithinvalidpassword status=SUCCESS method=LoginTest.verifyuserloginwithinvalidpassword(java.lang.String,java.lang.String)[pri:4, instance:testscripts.LoginTest@4a003cbe] output={null}]]]>
              </value>
            </param>
          </params>
          <reporter-output>
          </reporter-output>
        </test-method> <!-- closebrowser -->
      </class> <!-- testscripts.LoginTest -->
    </test> <!-- Test -->
  </suite> <!-- Suite -->
</testng-results>
