<?xml version="1.0" encoding="UTF-8"?>
<!-- Generated by org.testng.reporters.JUnitXMLReporter -->
<testsuite ignored="3" hostname="LAPTOP-QMTPJSRQ" failures="2" tests="2" name="Test" time="13.42" errors="0" timestamp="2026-06-15T15:09:48 GMT-04:00">
  <testcase classname="testscripts.LoginTest" name="verifyuserloginwithinvalidpassword" time="0.648">
    <failure type="java.lang.NullPointerException" message="Cannot invoke &amp;quot;utility.WaitUtility.waitUntilElementToBeClickable(org.openqa.selenium.WebDriver, org.openqa.selenium.WebElement)&amp;quot; because &amp;quot;this.wu&amp;quot; is null">
      <![CDATA[java.lang.NullPointerException: Cannot invoke "utility.WaitUtility.waitUntilElementToBeClickable(org.openqa.selenium.WebDriver, org.openqa.selenium.WebElement)" because "this.wu" is null
at pages.LoginPage.clicklogin(LoginPage.java:46)
at testscripts.LoginTest.verifyuserloginwithinvalidpassword(LoginTest.java:65)
at java.base/java.util.ArrayList.forEach(ArrayList.java:1596)
... Removed 29 stack frames]]>
    </failure>
  </testcase> <!-- verifyuserloginwithinvalidpassword -->
  <testcase classname="testscripts.LoginTest" name="verifyuserloginwithinvalidpassword" time="0.463">
    <failure type="java.lang.NullPointerException" message="Cannot invoke &amp;quot;utility.WaitUtility.waitUntilElementToBeClickable(org.openqa.selenium.WebDriver, org.openqa.selenium.WebElement)&amp;quot; because &amp;quot;this.wu&amp;quot; is null">
      <![CDATA[java.lang.NullPointerException: Cannot invoke "utility.WaitUtility.waitUntilElementToBeClickable(org.openqa.selenium.WebDriver, org.openqa.selenium.WebElement)" because "this.wu" is null
at pages.LoginPage.clicklogin(LoginPage.java:46)
at testscripts.LoginTest.verifyuserloginwithinvalidpassword(LoginTest.java:65)
at java.base/java.util.ArrayList.forEach(ArrayList.java:1596)
... Removed 29 stack frames]]>
    </failure>
  </testcase> <!-- verifyuserloginwithinvalidpassword -->
  <testcase classname="testscripts.LoginTest" name="verifyuserloginwithinvalidusername" time="0.0">
    <ignored/>
  </testcase> <!-- verifyuserloginwithinvalidusername -->
  <testcase classname="testscripts.LoginTest" name="verifyuserloginwithinvalidcredential" time="0.0">
    <ignored/>
  </testcase> <!-- verifyuserloginwithinvalidcredential -->
  <testcase classname="testscripts.LoginTest" name="verifyuserloginwithvalidcredential" time="0.0">
    <ignored/>
  </testcase> <!-- verifyuserloginwithvalidcredential -->
</testsuite> <!-- Test -->
