<?xml version="1.0" encoding="UTF-8"?>
<!-- Generated by org.testng.reporters.JUnitXMLReporter -->
<testsuite ignored="3" hostname="LAPTOP-QMTPJSRQ" failures="0" tests="2" name="Test" time="12.779" errors="0" timestamp="2026-06-21T20:30:29 GMT-04:00">
  <testcase classname="testscripts.LoginTest" name="verifyuserloginwithinvalidpassword" time="1.463"/>
  <testcase classname="testscripts.LoginTest" name="verifyuserloginwithinvalidpassword" time="1.378"/>
  <testcase classname="testscripts.LoginTest" name="verifyuserloginwithinvalidusername" time="0.0">
    <ignored/>
  </testcase> <!-- verifyuserloginwithinvalidusername -->
  <testcase classname="testscripts.LoginTest" name="verifyuserloginwithinvalidcredential" time="0.0">
    <ignored/>
  </testcase> <!-- verifyuserloginwithinvalidcredential -->
  <testcase classname="testscripts.LoginTest" name="verifyuserloginwithvalidcredential" time="0.0">
    <ignored/>
  </testcase> <!-- verifyuserloginwithvalidcredential -->
</testsuite> <!-- Test -->
